DEBUG - 2025-09-15 20:06:24 --> Session: Class initialized using 'CodeIgniter\Session\Handlers\FileHandler' driver.
DEBUG - 2025-09-15 20:06:28 --> Session: Class initialized using 'CodeIgniter\Session\Handlers\FileHandler' driver.
DEBUG - 2025-09-15 20:06:29 --> Session: Class initialized using 'CodeIgniter\Session\Handlers\FileHandler' driver.
DEBUG - 2025-09-15 20:06:41 --> Session: Class initialized using 'CodeIgniter\Session\Handlers\FileHandler' driver.
DEBUG - 2025-09-15 20:06:43 --> Session: Class initialized using 'CodeIgniter\Session\Handlers\FileHandler' driver.
DEBUG - 2025-09-15 20:06:54 --> Session: Class initialized using 'CodeIgniter\Session\Handlers\FileHandler' driver.
DEBUG - 2025-09-15 20:07:08 --> Session: Class initialized using 'CodeIgniter\Session\Handlers\FileHandler' driver.
DEBUG - 2025-09-15 20:09:15 --> Session: Class initialized using 'CodeIgniter\Session\Handlers\FileHandler' driver.
DEBUG - 2025-09-15 20:09:15 --> Session: Class initialized using 'CodeIgniter\Session\Handlers\FileHandler' driver.
DEBUG - 2025-09-15 20:09:19 --> Session: Class initialized using 'CodeIgniter\Session\Handlers\FileHandler' driver.
CRITICAL - 2025-09-15 20:09:19 --> Error: Call to undefined function App\Controllers\delete_cookie()
[Method: GET, Route: auth/logout]
in APPPATH\Controllers\AuthController.php on line 302.
 1 APPPATH\Controllers\AuthController.php(248): App\Controllers\AuthController->clearRememberMeCookie()
 2 SYSTEMPATH\CodeIgniter.php(933): App\Controllers\AuthController->logout()
 3 SYSTEMPATH\CodeIgniter.php(507): CodeIgniter\CodeIgniter->runController(Object(App\Controllers\AuthController))
 4 SYSTEMPATH\CodeIgniter.php(354): CodeIgniter\CodeIgniter->handleRequest(null, Object(Config\Cache), false)
 5 SYSTEMPATH\Boot.php(363): CodeIgniter\CodeIgniter->run()
 6 SYSTEMPATH\Boot.php(68): CodeIgniter\Boot::runCodeIgniter(Object(CodeIgniter\CodeIgniter))
 7 FCPATH\index.php(59): CodeIgniter\Boot::bootWeb(Object(Config\Paths))
 8 SYSTEMPATH\rewrite.php(44): require_once('C:\\wamp64\\www\\codeignitor_project\\public\\index.php')
DEBUG - 2025-09-15 20:11:11 --> Session: Class initialized using 'CodeIgniter\Session\Handlers\FileHandler' driver.
DEBUG - 2025-09-15 20:11:11 --> Session: Class initialized using 'CodeIgniter\Session\Handlers\FileHandler' driver.
DEBUG - 2025-09-15 20:11:13 --> Session: Class initialized using 'CodeIgniter\Session\Handlers\FileHandler' driver.
DEBUG - 2025-09-15 20:11:18 --> Session: Class initialized using 'CodeIgniter\Session\Handlers\FileHandler' driver.
DEBUG - 2025-09-15 20:12:00 --> Session: Class initialized using 'CodeIgniter\Session\Handlers\FileHandler' driver.
DEBUG - 2025-09-15 20:12:01 --> Session: Class initialized using 'CodeIgniter\Session\Handlers\FileHandler' driver.
DEBUG - 2025-09-15 20:12:18 --> Session: Class initialized using 'CodeIgniter\Session\Handlers\FileHandler' driver.
CRITICAL - 2025-09-15 20:12:18 --> Error: Call to undefined function form_open()
[Method: GET, Route: user/profile]
in APPPATH\Views\user\profile.php on line 88.
 1 SYSTEMPATH\View\View.php(226): include()
 2 SYSTEMPATH\View\View.php(229): CodeIgniter\View\View->CodeIgniter\View\{closure}()
 3 SYSTEMPATH\Common.php(1167): CodeIgniter\View\View->render('user/profile', [], true)
 4 APPPATH\Controllers\UserController.php(85): view('user/profile', [...])
 5 SYSTEMPATH\CodeIgniter.php(933): App\Controllers\UserController->profile()
 6 SYSTEMPATH\CodeIgniter.php(507): CodeIgniter\CodeIgniter->runController(Object(App\Controllers\UserController))
 7 SYSTEMPATH\CodeIgniter.php(354): CodeIgniter\CodeIgniter->handleRequest(null, Object(Config\Cache), false)
 8 SYSTEMPATH\Boot.php(363): CodeIgniter\CodeIgniter->run()
 9 SYSTEMPATH\Boot.php(68): CodeIgniter\Boot::runCodeIgniter(Object(CodeIgniter\CodeIgniter))
10 FCPATH\index.php(59): CodeIgniter\Boot::bootWeb(Object(Config\Paths))
11 SYSTEMPATH\rewrite.php(44): require_once('C:\\wamp64\\www\\codeignitor_project\\public\\index.php')
DEBUG - 2025-09-15 20:58:20 --> Session: Class initialized using 'CodeIgniter\Session\Handlers\FileHandler' driver.
DEBUG - 2025-09-15 20:58:39 --> Session: Class initialized using 'CodeIgniter\Session\Handlers\FileHandler' driver.
DEBUG - 2025-09-15 20:58:39 --> Session: Class initialized using 'CodeIgniter\Session\Handlers\FileHandler' driver.
DEBUG - 2025-09-15 21:01:47 --> Session: Class initialized using 'CodeIgniter\Session\Handlers\FileHandler' driver.
DEBUG - 2025-09-15 21:01:50 --> Session: Class initialized using 'CodeIgniter\Session\Handlers\FileHandler' driver.
DEBUG - 2025-09-15 21:01:50 --> Session: Class initialized using 'CodeIgniter\Session\Handlers\FileHandler' driver.
DEBUG - 2025-09-15 21:01:58 --> Session: Class initialized using 'CodeIgniter\Session\Handlers\FileHandler' driver.
DEBUG - 2025-09-15 21:01:59 --> Session: Class initialized using 'CodeIgniter\Session\Handlers\FileHandler' driver.
DEBUG - 2025-09-15 21:02:02 --> Session: Class initialized using 'CodeIgniter\Session\Handlers\FileHandler' driver.
DEBUG - 2025-09-15 21:02:04 --> Session: Class initialized using 'CodeIgniter\Session\Handlers\FileHandler' driver.
DEBUG - 2025-09-15 21:02:07 --> Session: Class initialized using 'CodeIgniter\Session\Handlers\FileHandler' driver.
DEBUG - 2025-09-15 21:02:07 --> Session: Class initialized using 'CodeIgniter\Session\Handlers\FileHandler' driver.
DEBUG - 2025-09-15 21:02:19 --> Session: Class initialized using 'CodeIgniter\Session\Handlers\FileHandler' driver.
DEBUG - 2025-09-15 21:03:59 --> Session: Class initialized using 'CodeIgniter\Session\Handlers\FileHandler' driver.
DEBUG - 2025-09-15 21:04:01 --> Session: Class initialized using 'CodeIgniter\Session\Handlers\FileHandler' driver.
DEBUG - 2025-09-15 21:04:01 --> Session: Class initialized using 'CodeIgniter\Session\Handlers\FileHandler' driver.
DEBUG - 2025-09-15 21:04:04 --> Session: Class initialized using 'CodeIgniter\Session\Handlers\FileHandler' driver.
DEBUG - 2025-09-15 21:04:16 --> Session: Class initialized using 'CodeIgniter\Session\Handlers\FileHandler' driver.
DEBUG - 2025-09-15 21:17:18 --> Session: Class initialized using 'CodeIgniter\Session\Handlers\FileHandler' driver.
ERROR - 2025-09-15 21:17:18 --> mysqli_sql_exception: Unknown column 'sort_order' in 'order clause' in C:\wamp64\www\codeignitor_project\system\Database\MySQLi\Connection.php:327
Stack trace:
#0 C:\wamp64\www\codeignitor_project\system\Database\MySQLi\Connection.php(327): mysqli->query('SELECT *\nFROM `...', 0)
#1 C:\wamp64\www\codeignitor_project\system\Database\BaseConnection.php(729): CodeIgniter\Database\MySQLi\Connection->execute('SELECT *\nFROM `...')
#2 C:\wamp64\www\codeignitor_project\system\Database\BaseConnection.php(646): CodeIgniter\Database\BaseConnection->simpleQuery('SELECT *\nFROM `...')
#3 C:\wamp64\www\codeignitor_project\system\Database\BaseBuilder.php(1649): CodeIgniter\Database\BaseConnection->query('SELECT *\nFROM `...', Array, false)
#4 C:\wamp64\www\codeignitor_project\system\Model.php(286): CodeIgniter\Database\BaseBuilder->get()
#5 C:\wamp64\www\codeignitor_project\system\BaseModel.php(677): CodeIgniter\Model->doFindAll(0, 0)
#6 C:\wamp64\www\codeignitor_project\app\Models\ServiceCategoryModel.php(67): CodeIgniter\BaseModel->findAll()
#7 C:\wamp64\www\codeignitor_project\app\Controllers\ServiceProviderController.php(29): App\Models\ServiceCategoryModel->getActiveCategories()
#8 C:\wamp64\www\codeignitor_project\system\CodeIgniter.php(933): App\Controllers\ServiceProviderController->register()
#9 C:\wamp64\www\codeignitor_project\system\CodeIgniter.php(507): CodeIgniter\CodeIgniter->runController(Object(App\Controllers\ServiceProviderController))
#10 C:\wamp64\www\codeignitor_project\system\CodeIgniter.php(354): CodeIgniter\CodeIgniter->handleRequest(NULL, Object(Config\Cache), false)
#11 C:\wamp64\www\codeignitor_project\system\Boot.php(363): CodeIgniter\CodeIgniter->run()
#12 C:\wamp64\www\codeignitor_project\system\Boot.php(68): CodeIgniter\Boot::runCodeIgniter(Object(CodeIgniter\CodeIgniter))
#13 C:\wamp64\www\codeignitor_project\public\index.php(59): CodeIgniter\Boot::bootWeb(Object(Config\Paths))
#14 C:\wamp64\www\codeignitor_project\system\rewrite.php(44): require_once('C:\\wamp64\\www\\c...')
#15 {main}
DEBUG - 2025-09-15 21:19:00 --> Session: Class initialized using 'CodeIgniter\Session\Handlers\FileHandler' driver.
ERROR - 2025-09-15 21:19:00 --> mysqli_sql_exception: Unknown column 'sort_order' in 'order clause' in C:\wamp64\www\codeignitor_project\system\Database\MySQLi\Connection.php:327
Stack trace:
#0 C:\wamp64\www\codeignitor_project\system\Database\MySQLi\Connection.php(327): mysqli->query('SELECT *\nFROM `...', 0)
#1 C:\wamp64\www\codeignitor_project\system\Database\BaseConnection.php(729): CodeIgniter\Database\MySQLi\Connection->execute('SELECT *\nFROM `...')
#2 C:\wamp64\www\codeignitor_project\system\Database\BaseConnection.php(646): CodeIgniter\Database\BaseConnection->simpleQuery('SELECT *\nFROM `...')
#3 C:\wamp64\www\codeignitor_project\system\Database\BaseBuilder.php(1649): CodeIgniter\Database\BaseConnection->query('SELECT *\nFROM `...', Array, false)
#4 C:\wamp64\www\codeignitor_project\system\Model.php(286): CodeIgniter\Database\BaseBuilder->get()
#5 C:\wamp64\www\codeignitor_project\system\BaseModel.php(677): CodeIgniter\Model->doFindAll(0, 0)
#6 C:\wamp64\www\codeignitor_project\app\Models\ServiceCategoryModel.php(67): CodeIgniter\BaseModel->findAll()
#7 C:\wamp64\www\codeignitor_project\app\Controllers\ServiceProviderController.php(29): App\Models\ServiceCategoryModel->getActiveCategories()
#8 C:\wamp64\www\codeignitor_project\system\CodeIgniter.php(933): App\Controllers\ServiceProviderController->register()
#9 C:\wamp64\www\codeignitor_project\system\CodeIgniter.php(507): CodeIgniter\CodeIgniter->runController(Object(App\Controllers\ServiceProviderController))
#10 C:\wamp64\www\codeignitor_project\system\CodeIgniter.php(354): CodeIgniter\CodeIgniter->handleRequest(NULL, Object(Config\Cache), false)
#11 C:\wamp64\www\codeignitor_project\system\Boot.php(363): CodeIgniter\CodeIgniter->run()
#12 C:\wamp64\www\codeignitor_project\system\Boot.php(68): CodeIgniter\Boot::runCodeIgniter(Object(CodeIgniter\CodeIgniter))
#13 C:\wamp64\www\codeignitor_project\public\index.php(59): CodeIgniter\Boot::bootWeb(Object(Config\Paths))
#14 C:\wamp64\www\codeignitor_project\system\rewrite.php(44): require_once('C:\\wamp64\\www\\c...')
#15 {main}
DEBUG - 2025-09-15 21:28:16 --> Session: Class initialized using 'CodeIgniter\Session\Handlers\FileHandler' driver.
ERROR - 2025-09-15 21:28:16 --> mysqli_sql_exception: Unknown column 'sort_order' in 'order clause' in C:\wamp64\www\codeignitor_project\system\Database\MySQLi\Connection.php:327
Stack trace:
#0 C:\wamp64\www\codeignitor_project\system\Database\MySQLi\Connection.php(327): mysqli->query('SELECT *\nFROM `...', 0)
#1 C:\wamp64\www\codeignitor_project\system\Database\BaseConnection.php(729): CodeIgniter\Database\MySQLi\Connection->execute('SELECT *\nFROM `...')
#2 C:\wamp64\www\codeignitor_project\system\Database\BaseConnection.php(646): CodeIgniter\Database\BaseConnection->simpleQuery('SELECT *\nFROM `...')
#3 C:\wamp64\www\codeignitor_project\system\Database\BaseBuilder.php(1649): CodeIgniter\Database\BaseConnection->query('SELECT *\nFROM `...', Array, false)
#4 C:\wamp64\www\codeignitor_project\system\Model.php(286): CodeIgniter\Database\BaseBuilder->get()
#5 C:\wamp64\www\codeignitor_project\system\BaseModel.php(677): CodeIgniter\Model->doFindAll(0, 0)
#6 C:\wamp64\www\codeignitor_project\app\Models\ServiceCategoryModel.php(67): CodeIgniter\BaseModel->findAll()
#7 C:\wamp64\www\codeignitor_project\app\Controllers\ServiceProviderController.php(29): App\Models\ServiceCategoryModel->getActiveCategories()
#8 C:\wamp64\www\codeignitor_project\system\CodeIgniter.php(933): App\Controllers\ServiceProviderController->register()
#9 C:\wamp64\www\codeignitor_project\system\CodeIgniter.php(507): CodeIgniter\CodeIgniter->runController(Object(App\Controllers\ServiceProviderController))
#10 C:\wamp64\www\codeignitor_project\system\CodeIgniter.php(354): CodeIgniter\CodeIgniter->handleRequest(NULL, Object(Config\Cache), false)
#11 C:\wamp64\www\codeignitor_project\system\Boot.php(363): CodeIgniter\CodeIgniter->run()
#12 C:\wamp64\www\codeignitor_project\system\Boot.php(68): CodeIgniter\Boot::runCodeIgniter(Object(CodeIgniter\CodeIgniter))
#13 C:\wamp64\www\codeignitor_project\public\index.php(59): CodeIgniter\Boot::bootWeb(Object(Config\Paths))
#14 C:\wamp64\www\codeignitor_project\system\rewrite.php(44): require_once('C:\\wamp64\\www\\c...')
#15 {main}
DEBUG - 2025-09-15 21:28:49 --> Session: Class initialized using 'CodeIgniter\Session\Handlers\FileHandler' driver.
ERROR - 2025-09-15 21:28:49 --> mysqli_sql_exception: Unknown column 'sort_order' in 'order clause' in C:\wamp64\www\codeignitor_project\system\Database\MySQLi\Connection.php:327
Stack trace:
#0 C:\wamp64\www\codeignitor_project\system\Database\MySQLi\Connection.php(327): mysqli->query('SELECT *\nFROM `...', 0)
#1 C:\wamp64\www\codeignitor_project\system\Database\BaseConnection.php(729): CodeIgniter\Database\MySQLi\Connection->execute('SELECT *\nFROM `...')
#2 C:\wamp64\www\codeignitor_project\system\Database\BaseConnection.php(646): CodeIgniter\Database\BaseConnection->simpleQuery('SELECT *\nFROM `...')
#3 C:\wamp64\www\codeignitor_project\system\Database\BaseBuilder.php(1649): CodeIgniter\Database\BaseConnection->query('SELECT *\nFROM `...', Array, false)
#4 C:\wamp64\www\codeignitor_project\system\Model.php(286): CodeIgniter\Database\BaseBuilder->get()
#5 C:\wamp64\www\codeignitor_project\system\BaseModel.php(677): CodeIgniter\Model->doFindAll(0, 0)
#6 C:\wamp64\www\codeignitor_project\app\Models\ServiceCategoryModel.php(67): CodeIgniter\BaseModel->findAll()
#7 C:\wamp64\www\codeignitor_project\app\Controllers\ServiceProviderController.php(29): App\Models\ServiceCategoryModel->getActiveCategories()
#8 C:\wamp64\www\codeignitor_project\system\CodeIgniter.php(933): App\Controllers\ServiceProviderController->register()
#9 C:\wamp64\www\codeignitor_project\system\CodeIgniter.php(507): CodeIgniter\CodeIgniter->runController(Object(App\Controllers\ServiceProviderController))
#10 C:\wamp64\www\codeignitor_project\system\CodeIgniter.php(354): CodeIgniter\CodeIgniter->handleRequest(NULL, Object(Config\Cache), false)
#11 C:\wamp64\www\codeignitor_project\system\Boot.php(363): CodeIgniter\CodeIgniter->run()
#12 C:\wamp64\www\codeignitor_project\system\Boot.php(68): CodeIgniter\Boot::runCodeIgniter(Object(CodeIgniter\CodeIgniter))
#13 C:\wamp64\www\codeignitor_project\public\index.php(59): CodeIgniter\Boot::bootWeb(Object(Config\Paths))
#14 C:\wamp64\www\codeignitor_project\system\rewrite.php(44): require_once('C:\\wamp64\\www\\c...')
#15 {main}
DEBUG - 2025-09-15 21:29:56 --> Session: Class initialized using 'CodeIgniter\Session\Handlers\FileHandler' driver.
DEBUG - 2025-09-15 21:29:56 --> Session: Class initialized using 'CodeIgniter\Session\Handlers\FileHandler' driver.
ERROR - 2025-09-15 21:29:56 --> mysqli_sql_exception: Unknown column 'sort_order' in 'order clause' in C:\wamp64\www\codeignitor_project\system\Database\MySQLi\Connection.php:327
Stack trace:
#0 C:\wamp64\www\codeignitor_project\system\Database\MySQLi\Connection.php(327): mysqli->query('SELECT *\nFROM `...', 0)
#1 C:\wamp64\www\codeignitor_project\system\Database\BaseConnection.php(729): CodeIgniter\Database\MySQLi\Connection->execute('SELECT *\nFROM `...')
#2 C:\wamp64\www\codeignitor_project\system\Database\BaseConnection.php(646): CodeIgniter\Database\BaseConnection->simpleQuery('SELECT *\nFROM `...')
#3 C:\wamp64\www\codeignitor_project\system\Database\BaseBuilder.php(1649): CodeIgniter\Database\BaseConnection->query('SELECT *\nFROM `...', Array, false)
#4 C:\wamp64\www\codeignitor_project\system\Model.php(286): CodeIgniter\Database\BaseBuilder->get()
#5 C:\wamp64\www\codeignitor_project\system\BaseModel.php(677): CodeIgniter\Model->doFindAll(0, 0)
#6 C:\wamp64\www\codeignitor_project\app\Models\ServiceCategoryModel.php(67): CodeIgniter\BaseModel->findAll()
#7 C:\wamp64\www\codeignitor_project\app\Controllers\ServiceProviderController.php(29): App\Models\ServiceCategoryModel->getActiveCategories()
#8 C:\wamp64\www\codeignitor_project\system\CodeIgniter.php(933): App\Controllers\ServiceProviderController->register()
#9 C:\wamp64\www\codeignitor_project\system\CodeIgniter.php(507): CodeIgniter\CodeIgniter->runController(Object(App\Controllers\ServiceProviderController))
#10 C:\wamp64\www\codeignitor_project\system\CodeIgniter.php(354): CodeIgniter\CodeIgniter->handleRequest(NULL, Object(Config\Cache), false)
#11 C:\wamp64\www\codeignitor_project\system\Boot.php(363): CodeIgniter\CodeIgniter->run()
#12 C:\wamp64\www\codeignitor_project\system\Boot.php(68): CodeIgniter\Boot::runCodeIgniter(Object(CodeIgniter\CodeIgniter))
#13 C:\wamp64\www\codeignitor_project\public\index.php(59): CodeIgniter\Boot::bootWeb(Object(Config\Paths))
#14 C:\wamp64\www\codeignitor_project\system\rewrite.php(44): require_once('C:\\wamp64\\www\\c...')
#15 {main}
DEBUG - 2025-09-15 21:30:02 --> Session: Class initialized using 'CodeIgniter\Session\Handlers\FileHandler' driver.
DEBUG - 2025-09-15 21:30:03 --> Session: Class initialized using 'CodeIgniter\Session\Handlers\FileHandler' driver.
ERROR - 2025-09-15 21:30:03 --> mysqli_sql_exception: Unknown column 'sort_order' in 'order clause' in C:\wamp64\www\codeignitor_project\system\Database\MySQLi\Connection.php:327
Stack trace:
#0 C:\wamp64\www\codeignitor_project\system\Database\MySQLi\Connection.php(327): mysqli->query('SELECT *\nFROM `...', 0)
#1 C:\wamp64\www\codeignitor_project\system\Database\BaseConnection.php(729): CodeIgniter\Database\MySQLi\Connection->execute('SELECT *\nFROM `...')
#2 C:\wamp64\www\codeignitor_project\system\Database\BaseConnection.php(646): CodeIgniter\Database\BaseConnection->simpleQuery('SELECT *\nFROM `...')
#3 C:\wamp64\www\codeignitor_project\system\Database\BaseBuilder.php(1649): CodeIgniter\Database\BaseConnection->query('SELECT *\nFROM `...', Array, false)
#4 C:\wamp64\www\codeignitor_project\system\Model.php(286): CodeIgniter\Database\BaseBuilder->get()
#5 C:\wamp64\www\codeignitor_project\system\BaseModel.php(677): CodeIgniter\Model->doFindAll(0, 0)
#6 C:\wamp64\www\codeignitor_project\app\Models\ServiceCategoryModel.php(67): CodeIgniter\BaseModel->findAll()
#7 C:\wamp64\www\codeignitor_project\app\Controllers\ServiceProviderController.php(29): App\Models\ServiceCategoryModel->getActiveCategories()
#8 C:\wamp64\www\codeignitor_project\system\CodeIgniter.php(933): App\Controllers\ServiceProviderController->register()
#9 C:\wamp64\www\codeignitor_project\system\CodeIgniter.php(507): CodeIgniter\CodeIgniter->runController(Object(App\Controllers\ServiceProviderController))
#10 C:\wamp64\www\codeignitor_project\system\CodeIgniter.php(354): CodeIgniter\CodeIgniter->handleRequest(NULL, Object(Config\Cache), false)
#11 C:\wamp64\www\codeignitor_project\system\Boot.php(363): CodeIgniter\CodeIgniter->run()
#12 C:\wamp64\www\codeignitor_project\system\Boot.php(68): CodeIgniter\Boot::runCodeIgniter(Object(CodeIgniter\CodeIgniter))
#13 C:\wamp64\www\codeignitor_project\public\index.php(59): CodeIgniter\Boot::bootWeb(Object(Config\Paths))
#14 C:\wamp64\www\codeignitor_project\system\rewrite.php(44): require_once('C:\\wamp64\\www\\c...')
#15 {main}
DEBUG - 2025-09-15 21:30:12 --> Session: Class initialized using 'CodeIgniter\Session\Handlers\FileHandler' driver.
DEBUG - 2025-09-15 21:30:16 --> Session: Class initialized using 'CodeIgniter\Session\Handlers\FileHandler' driver.
DEBUG - 2025-09-15 21:30:16 --> Session: Class initialized using 'CodeIgniter\Session\Handlers\FileHandler' driver.
DEBUG - 2025-09-15 21:30:36 --> Session: Class initialized using 'CodeIgniter\Session\Handlers\FileHandler' driver.
DEBUG - 2025-09-15 21:30:38 --> Session: Class initialized using 'CodeIgniter\Session\Handlers\FileHandler' driver.
DEBUG - 2025-09-15 21:30:42 --> Session: Class initialized using 'CodeIgniter\Session\Handlers\FileHandler' driver.
DEBUG - 2025-09-15 21:30:44 --> Session: Class initialized using 'CodeIgniter\Session\Handlers\FileHandler' driver.
ERROR - 2025-09-15 21:30:44 --> mysqli_sql_exception: Unknown column 'sort_order' in 'order clause' in C:\wamp64\www\codeignitor_project\system\Database\MySQLi\Connection.php:327
Stack trace:
#0 C:\wamp64\www\codeignitor_project\system\Database\MySQLi\Connection.php(327): mysqli->query('SELECT *\nFROM `...', 0)
#1 C:\wamp64\www\codeignitor_project\system\Database\BaseConnection.php(729): CodeIgniter\Database\MySQLi\Connection->execute('SELECT *\nFROM `...')
#2 C:\wamp64\www\codeignitor_project\system\Database\BaseConnection.php(646): CodeIgniter\Database\BaseConnection->simpleQuery('SELECT *\nFROM `...')
#3 C:\wamp64\www\codeignitor_project\system\Database\BaseBuilder.php(1649): CodeIgniter\Database\BaseConnection->query('SELECT *\nFROM `...', Array, false)
#4 C:\wamp64\www\codeignitor_project\system\Model.php(286): CodeIgniter\Database\BaseBuilder->get()
#5 C:\wamp64\www\codeignitor_project\system\BaseModel.php(677): CodeIgniter\Model->doFindAll(0, 0)
#6 C:\wamp64\www\codeignitor_project\app\Models\ServiceCategoryModel.php(67): CodeIgniter\BaseModel->findAll()
#7 C:\wamp64\www\codeignitor_project\app\Controllers\ServiceProviderController.php(29): App\Models\ServiceCategoryModel->getActiveCategories()
#8 C:\wamp64\www\codeignitor_project\system\CodeIgniter.php(933): App\Controllers\ServiceProviderController->register()
#9 C:\wamp64\www\codeignitor_project\system\CodeIgniter.php(507): CodeIgniter\CodeIgniter->runController(Object(App\Controllers\ServiceProviderController))
#10 C:\wamp64\www\codeignitor_project\system\CodeIgniter.php(354): CodeIgniter\CodeIgniter->handleRequest(NULL, Object(Config\Cache), false)
#11 C:\wamp64\www\codeignitor_project\system\Boot.php(363): CodeIgniter\CodeIgniter->run()
#12 C:\wamp64\www\codeignitor_project\system\Boot.php(68): CodeIgniter\Boot::runCodeIgniter(Object(CodeIgniter\CodeIgniter))
#13 C:\wamp64\www\codeignitor_project\public\index.php(59): CodeIgniter\Boot::bootWeb(Object(Config\Paths))
#14 C:\wamp64\www\codeignitor_project\system\rewrite.php(44): require_once('C:\\wamp64\\www\\c...')
#15 {main}
